<?xml version="1.0" encoding="UTF-8"?>
<testng-results ignored="0" total="3" passed="2" failed="1" skipped="0">
  <reporter-output>
  </reporter-output>
  <suite started-at="2020-07-08T12:43:39Z" name="Suite" finished-at="2020-07-08T12:46:46Z" duration-ms="187547">
    <groups>
    </groups>
    <test started-at="2020-07-08T12:43:39Z" name="Test" finished-at="2020-07-08T12:46:46Z" duration-ms="187547">
      <class name="tests.LoginSuite">
        <test-method is-config="true" signature="setUp()[pri:0, instance:tests.LoginSuite@402e37bc]" started-at="2020-07-08T12:43:39Z" name="setUp" finished-at="2020-07-08T12:43:39Z" duration-ms="15" status="PASS">
          <reporter-output>
          </reporter-output>
        </test-method> <!-- setUp -->
        <test-method is-config="true" signature="setup()[pri:0, instance:tests.LoginSuite@402e37bc]" started-at="2020-07-08T12:43:39Z" name="setup" finished-at="2020-07-08T12:43:51Z" duration-ms="11646" status="PASS">
          <reporter-output>
          </reporter-output>
        </test-method> <!-- setup -->
        <test-method signature="loginToTheApplication()[pri:0, instance:tests.LoginSuite@402e37bc]" started-at="2020-07-08T12:43:51Z" name="loginToTheApplication" description="To login to the application" finished-at="2020-07-08T12:45:03Z" duration-ms="72217" status="PASS">
          <reporter-output>
          </reporter-output>
        </test-method> <!-- loginToTheApplication -->
        <test-method is-config="true" signature="afterMethod()[pri:0, instance:tests.LoginSuite@402e37bc]" started-at="2020-07-08T12:45:03Z" name="afterMethod" finished-at="2020-07-08T12:45:08Z" duration-ms="4961" status="PASS">
          <reporter-output>
          </reporter-output>
        </test-method> <!-- afterMethod -->
        <test-method is-config="true" signature="setup()[pri:0, instance:tests.LoginSuite@402e37bc]" started-at="2020-07-08T12:45:08Z" name="setup" finished-at="2020-07-08T12:45:13Z" duration-ms="5397" status="PASS">
          <reporter-output>
          </reporter-output>
        </test-method> <!-- setup -->
        <test-method signature="signUpToTheApplication()[pri:0, instance:tests.LoginSuite@402e37bc]" started-at="2020-07-08T12:45:13Z" name="signUpToTheApplication" description="To verify the signup functionality of the application" finished-at="2020-07-08T12:45:55Z" duration-ms="41686" status="FAIL">
          <exception class="org.openqa.selenium.ElementNotInteractableException">
            <message>
              <![CDATA[element not interactable: element has zero size
  (Session info: chrome=83.0.4103.116)
Build info: version: '3.141.59', revision: 'e82be7d358', time: '2018-11-14T08:17:03'
System info: host: 'LAPTOP-0HU11Q6N', ip: '192.168.43.127', os.name: 'Windows 10', os.arch: 'amd64', os.version: '10.0', java.version: '13.0.2'
Driver info: org.openqa.selenium.chrome.ChromeDriver
Capabilities {acceptInsecureCerts: false, browserName: chrome, browserVersion: 83.0.4103.116, chrome: {chromedriverVersion: 83.0.4103.39 (ccbf011cb2d2b..., userDataDir: C:\Users\JAGADE~1\AppData\L...}, goog:chromeOptions: {debuggerAddress: localhost:7723}, javascriptEnabled: true, networkConnectionEnabled: false, pageLoadStrategy: normal, platform: WINDOWS, platformName: WINDOWS, proxy: Proxy(), setWindowRect: true, strictFileInteractability: false, timeouts: {implicit: 0, pageLoad: 300000, script: 30000}, unhandledPromptBehavior: dismiss and notify, webauthn:virtualAuthenticators: true}
Session ID: e9a4e2ed3fec6418a056f06e3e13ea83]]>
            </message>
            <full-stacktrace>
              <![CDATA[org.openqa.selenium.ElementNotInteractableException: element not interactable: element has zero size
  (Session info: chrome=83.0.4103.116)
Build info: version: '3.141.59', revision: 'e82be7d358', time: '2018-11-14T08:17:03'
System info: host: 'LAPTOP-0HU11Q6N', ip: '192.168.43.127', os.name: 'Windows 10', os.arch: 'amd64', os.version: '10.0', java.version: '13.0.2'
Driver info: org.openqa.selenium.chrome.ChromeDriver
Capabilities {acceptInsecureCerts: false, browserName: chrome, browserVersion: 83.0.4103.116, chrome: {chromedriverVersion: 83.0.4103.39 (ccbf011cb2d2b..., userDataDir: C:\Users\JAGADE~1\AppData\L...}, goog:chromeOptions: {debuggerAddress: localhost:7723}, javascriptEnabled: true, networkConnectionEnabled: false, pageLoadStrategy: normal, platform: WINDOWS, platformName: WINDOWS, proxy: Proxy(), setWindowRect: true, strictFileInteractability: false, timeouts: {implicit: 0, pageLoad: 300000, script: 30000}, unhandledPromptBehavior: dismiss and notify, webauthn:virtualAuthenticators: true}
Session ID: e9a4e2ed3fec6418a056f06e3e13ea83
at java.base/jdk.internal.reflect.NativeConstructorAccessorImpl.newInstance0(Native Method)
at java.base/jdk.internal.reflect.NativeConstructorAccessorImpl.newInstance(NativeConstructorAccessorImpl.java:62)
at java.base/jdk.internal.reflect.DelegatingConstructorAccessorImpl.newInstance(DelegatingConstructorAccessorImpl.java:45)
at java.base/java.lang.reflect.Constructor.newInstanceWithCaller(Constructor.java:500)
at java.base/java.lang.reflect.Constructor.newInstance(Constructor.java:481)
at org.openqa.selenium.remote.http.W3CHttpResponseCodec.createException(W3CHttpResponseCodec.java:187)
at org.openqa.selenium.remote.http.W3CHttpResponseCodec.decode(W3CHttpResponseCodec.java:122)
at org.openqa.selenium.remote.http.W3CHttpResponseCodec.decode(W3CHttpResponseCodec.java:49)
at org.openqa.selenium.remote.HttpCommandExecutor.execute(HttpCommandExecutor.java:158)
at org.openqa.selenium.remote.service.DriverCommandExecutor.execute(DriverCommandExecutor.java:83)
at org.openqa.selenium.remote.RemoteWebDriver.execute(RemoteWebDriver.java:552)
at org.openqa.selenium.remote.RemoteWebElement.execute(RemoteWebElement.java:285)
at org.openqa.selenium.remote.RemoteWebElement.click(RemoteWebElement.java:84)
at utils.supportlibraries.WebDriverUtils.click(WebDriverUtils.java:133)
at pages.SignUpPage.selectWhatDoYouWantToDo(SignUpPage.java:33)
at tests.LoginSuite.signUpToTheApplication(LoginSuite.java:25)
at java.base/jdk.internal.reflect.NativeMethodAccessorImpl.invoke0(Native Method)
at java.base/jdk.internal.reflect.NativeMethodAccessorImpl.invoke(NativeMethodAccessorImpl.java:62)
at java.base/jdk.internal.reflect.DelegatingMethodAccessorImpl.invoke(DelegatingMethodAccessorImpl.java:43)
at java.base/java.lang.reflect.Method.invoke(Method.java:567)
at org.testng.internal.MethodInvocationHelper.invokeMethod(MethodInvocationHelper.java:124)
at org.testng.internal.Invoker.invokeMethod(Invoker.java:583)
at org.testng.internal.Invoker.invokeTestMethod(Invoker.java:719)
at org.testng.internal.Invoker.invokeTestMethods(Invoker.java:989)
at org.testng.internal.TestMethodWorker.invokeTestMethods(TestMethodWorker.java:125)
at org.testng.internal.TestMethodWorker.run(TestMethodWorker.java:109)
at org.testng.TestRunner.privateRun(TestRunner.java:648)
at org.testng.TestRunner.run(TestRunner.java:505)
at org.testng.SuiteRunner.runTest(SuiteRunner.java:455)
at org.testng.SuiteRunner.runSequentially(SuiteRunner.java:450)
at org.testng.SuiteRunner.privateRun(SuiteRunner.java:415)
at org.testng.SuiteRunner.run(SuiteRunner.java:364)
at org.testng.SuiteRunnerWorker.runSuite(SuiteRunnerWorker.java:52)
at org.testng.SuiteRunnerWorker.run(SuiteRunnerWorker.java:84)
at org.testng.TestNG.runSuitesSequentially(TestNG.java:1208)
at org.testng.TestNG.runSuitesLocally(TestNG.java:1137)
at org.testng.TestNG.runSuites(TestNG.java:1049)
at org.testng.TestNG.run(TestNG.java:1017)
at org.testng.remote.AbstractRemoteTestNG.run(AbstractRemoteTestNG.java:115)
at org.testng.remote.RemoteTestNG.initAndRun(RemoteTestNG.java:251)
at org.testng.remote.RemoteTestNG.main(RemoteTestNG.java:77)
]]>
            </full-stacktrace>
          </exception> <!-- org.openqa.selenium.ElementNotInteractableException -->
          <reporter-output>
          </reporter-output>
        </test-method> <!-- signUpToTheApplication -->
        <test-method is-config="true" signature="afterMethod()[pri:0, instance:tests.LoginSuite@402e37bc]" started-at="2020-07-08T12:45:55Z" name="afterMethod" finished-at="2020-07-08T12:46:01Z" duration-ms="5065" status="PASS">
          <reporter-output>
          </reporter-output>
        </test-method> <!-- afterMethod -->
        <test-method is-config="true" signature="setup()[pri:0, instance:tests.LoginSuite@402e37bc]" started-at="2020-07-08T12:46:01Z" name="setup" finished-at="2020-07-08T12:46:06Z" duration-ms="5251" status="PASS">
          <reporter-output>
          </reporter-output>
        </test-method> <!-- setup -->
        <test-method signature="testCaseSearchForSkill()[pri:0, instance:tests.LoginSuite@402e37bc]" started-at="2020-07-08T12:46:06Z" name="testCaseSearchForSkill" description="Test case to search for a skill on the home page" finished-at="2020-07-08T12:46:41Z" duration-ms="35645" status="PASS">
          <reporter-output>
          </reporter-output>
        </test-method> <!-- testCaseSearchForSkill -->
        <test-method is-config="true" signature="afterMethod()[pri:0, instance:tests.LoginSuite@402e37bc]" started-at="2020-07-08T12:46:41Z" name="afterMethod" finished-at="2020-07-08T12:46:46Z" duration-ms="4998" status="PASS">
          <reporter-output>
          </reporter-output>
        </test-method> <!-- afterMethod -->
      </class> <!-- tests.LoginSuite -->
    </test> <!-- Test -->
  </suite> <!-- Suite -->
</testng-results>
